<component name="libraryTable">
  <library name="junit-4.10">
    <CLASSES>
      <root url="jar://$PROJECT_DIR$/app/build/exploded-aar/LAHacks.libs/stripe/unspecified/libs/junit-4.10.jar!/" />
    </CLASSES>
    <JAVADOC />
    <SOURCES />
  </library>
</component>